nohup: ignoring input
Namespace(batch_size=64, brnn=False, brnn_merge='concat', curriculum=False, data='data/100k.train.pt', dropout=0.3, epochs=20, extra_shuffle=False, gpus=[3], input_feed=1, layers=2, learning_rate=1.0, learning_rate_decay=0.5, log_interval=50, max_generator_batches=32, max_grad_norm=5, optim='sgd', param_init=0.1, pre_word_vecs_dec=None, pre_word_vecs_enc=None, rnn_size=500, save_model='model', start_decay_at=8, start_epoch=1, train_from='', train_from_state_dict='', word_vec_size=500)
Loading data from 'data/100k.train.pt'
 * vocabulary size. source = 49428; target = 43592
 * number of training sentences. 81073
 * maximum batch size. 64
Building model...
* number of parameters: 78115592
NMTModel (
  (encoder): Encoder (
    (word_lut): Embedding(49428, 500, padding_idx=0)
    (rnn): LSTM(500, 500, num_layers=2, dropout=0.3)
  )
  (decoder): Decoder (
    (word_lut): Embedding(43592, 500, padding_idx=0)
    (rnn): StackedLSTM (
      (dropout): Dropout (p = 0.3)
      (layers): ModuleList (
        (0): LSTMCell(1000, 500)
        (1): LSTMCell(500, 500)
      )
    )
    (attn): GlobalAttention (
      (linear_in): Linear (500 -> 500)
      (sm): Softmax ()
      (linear_out): Linear (1000 -> 500)
      (tanh): Tanh ()
    )
    (dropout): Dropout (p = 0.3)
  )
  (generator): Sequential (
    (0): Linear (500 -> 43592)
    (1): LogSoftmax ()
  )
)

Epoch  1,    50/ 1267; acc:   0.00; ppl: 76735.07; 2314 src tok/s; 2917 tgt tok/s;     31 s elapsed
Epoch  1,   100/ 1267; acc:   0.00; ppl: 13972.96; 2385 src tok/s; 3033 tgt tok/s;     64 s elapsed
Epoch  1,   150/ 1267; acc:   0.00; ppl: 6776.30; 2245 src tok/s; 2924 tgt tok/s;     95 s elapsed
Epoch  1,   200/ 1267; acc:   0.00; ppl: 4082.52; 2342 src tok/s; 3025 tgt tok/s;    125 s elapsed
Epoch  1,   250/ 1267; acc:   0.00; ppl: 2445.05; 2436 src tok/s; 3066 tgt tok/s;    156 s elapsed
Epoch  1,   300/ 1267; acc:   0.00; ppl: 1531.24; 2390 src tok/s; 3078 tgt tok/s;    188 s elapsed
Epoch  1,   350/ 1267; acc:   0.00; ppl: 1182.77; 2424 src tok/s; 3102 tgt tok/s;    217 s elapsed
Epoch  1,   400/ 1267; acc:   0.00; ppl: 913.13; 2303 src tok/s; 2996 tgt tok/s;    248 s elapsed
Epoch  1,   450/ 1267; acc:   0.00; ppl: 773.50; 2315 src tok/s; 3003 tgt tok/s;    278 s elapsed
Epoch  1,   500/ 1267; acc:   0.00; ppl: 687.39; 2292 src tok/s; 2933 tgt tok/s;    308 s elapsed
Epoch  1,   550/ 1267; acc:   0.00; ppl: 628.60; 2358 src tok/s; 2997 tgt tok/s;    339 s elapsed
Epoch  1,   600/ 1267; acc:   0.00; ppl: 548.17; 2421 src tok/s; 3117 tgt tok/s;    369 s elapsed
Epoch  1,   650/ 1267; acc:   0.00; ppl: 495.08; 2378 src tok/s; 3051 tgt tok/s;    399 s elapsed
Epoch  1,   700/ 1267; acc:   0.00; ppl: 467.44; 2469 src tok/s; 3093 tgt tok/s;    431 s elapsed
Epoch  1,   750/ 1267; acc:   0.00; ppl: 433.05; 2440 src tok/s; 3091 tgt tok/s;    460 s elapsed
Epoch  1,   800/ 1267; acc:   0.00; ppl: 399.52; 2518 src tok/s; 3160 tgt tok/s;    493 s elapsed
Epoch  1,   850/ 1267; acc:   0.00; ppl: 368.73; 2280 src tok/s; 2971 tgt tok/s;    522 s elapsed
Epoch  1,   900/ 1267; acc:   0.00; ppl: 350.35; 2302 src tok/s; 2974 tgt tok/s;    551 s elapsed
Epoch  1,   950/ 1267; acc:   0.00; ppl: 322.48; 2371 src tok/s; 3086 tgt tok/s;    581 s elapsed
Epoch  1,  1000/ 1267; acc:   0.00; ppl: 315.45; 2348 src tok/s; 2976 tgt tok/s;    612 s elapsed
Epoch  1,  1050/ 1267; acc:   0.00; ppl: 297.27; 2414 src tok/s; 3063 tgt tok/s;    642 s elapsed
Epoch  1,  1100/ 1267; acc:   0.00; ppl: 284.86; 2425 src tok/s; 3068 tgt tok/s;    672 s elapsed
Epoch  1,  1150/ 1267; acc:   0.00; ppl: 265.43; 2413 src tok/s; 3033 tgt tok/s;    701 s elapsed
Epoch  1,  1200/ 1267; acc:   0.00; ppl: 259.43; 2516 src tok/s; 3147 tgt tok/s;    732 s elapsed
Epoch  1,  1250/ 1267; acc:   0.00; ppl: 240.85; 2288 src tok/s; 2966 tgt tok/s;    762 s elapsed
Train perplexity: 839.979
Train accuracy: 0
Validation perplexity: 372.847
Validation accuracy: 0

Epoch  2,    50/ 1267; acc:   0.00; ppl: 221.44; 2288 src tok/s; 2931 tgt tok/s;    803 s elapsed
Epoch  2,   100/ 1267; acc:   0.00; ppl: 222.09; 2443 src tok/s; 3064 tgt tok/s;    831 s elapsed
Epoch  2,   150/ 1267; acc:   0.00; ppl: 213.36; 2422 src tok/s; 3087 tgt tok/s;    861 s elapsed
Epoch  2,   200/ 1267; acc:   0.00; ppl: 201.46; 2460 src tok/s; 3113 tgt tok/s;    891 s elapsed
Epoch  2,   250/ 1267; acc:   0.00; ppl: 196.24; 2298 src tok/s; 2995 tgt tok/s;    922 s elapsed
Epoch  2,   300/ 1267; acc:   0.00; ppl: 183.50; 2438 src tok/s; 3090 tgt tok/s;    953 s elapsed
Epoch  2,   350/ 1267; acc:   0.00; ppl: 189.58; 2471 src tok/s; 3117 tgt tok/s;    984 s elapsed
Epoch  2,   400/ 1267; acc:   0.00; ppl: 174.83; 2383 src tok/s; 3018 tgt tok/s;   1015 s elapsed
Epoch  2,   450/ 1267; acc:   0.00; ppl: 165.91; 2232 src tok/s; 2952 tgt tok/s;   1045 s elapsed
Epoch  2,   500/ 1267; acc:   0.00; ppl: 164.43; 2398 src tok/s; 3064 tgt tok/s;   1076 s elapsed
Epoch  2,   550/ 1267; acc:   0.00; ppl: 166.05; 2421 src tok/s; 3038 tgt tok/s;   1106 s elapsed
Epoch  2,   600/ 1267; acc:   0.00; ppl: 161.59; 2380 src tok/s; 3047 tgt tok/s;   1136 s elapsed
Epoch  2,   650/ 1267; acc:   0.00; ppl: 158.12; 2422 src tok/s; 3048 tgt tok/s;   1165 s elapsed
Epoch  2,   700/ 1267; acc:   0.00; ppl: 142.72; 2348 src tok/s; 3027 tgt tok/s;   1196 s elapsed
Epoch  2,   750/ 1267; acc:   0.00; ppl: 138.19; 2298 src tok/s; 2985 tgt tok/s;   1228 s elapsed
Epoch  2,   800/ 1267; acc:   0.00; ppl: 135.12; 2351 src tok/s; 2990 tgt tok/s;   1259 s elapsed
Epoch  2,   850/ 1267; acc:   0.00; ppl: 133.45; 2450 src tok/s; 3029 tgt tok/s;   1290 s elapsed
Epoch  2,   900/ 1267; acc:   0.00; ppl: 121.54; 2221 src tok/s; 2960 tgt tok/s;   1319 s elapsed
Epoch  2,   950/ 1267; acc:   0.00; ppl: 126.18; 2383 src tok/s; 3049 tgt tok/s;   1351 s elapsed
Epoch  2,  1000/ 1267; acc:   0.00; ppl: 123.02; 2457 src tok/s; 3103 tgt tok/s;   1381 s elapsed
Epoch  2,  1050/ 1267; acc:   0.00; ppl: 119.96; 2482 src tok/s; 3131 tgt tok/s;   1411 s elapsed
Epoch  2,  1100/ 1267; acc:   0.00; ppl: 112.98; 2418 src tok/s; 3093 tgt tok/s;   1442 s elapsed
Epoch  2,  1150/ 1267; acc:   0.00; ppl: 108.97; 2267 src tok/s; 2942 tgt tok/s;   1474 s elapsed
Epoch  2,  1200/ 1267; acc:   0.00; ppl: 102.69; 2344 src tok/s; 3031 tgt tok/s;   1504 s elapsed
Epoch  2,  1250/ 1267; acc:   0.00; ppl: 106.78; 2428 src tok/s; 3103 tgt tok/s;   1534 s elapsed
Train perplexity: 150.035
Train accuracy: 0
Validation perplexity: 168.838
Validation accuracy: 0

Epoch  3,    50/ 1267; acc:   0.00; ppl:  88.29; 2295 src tok/s; 2971 tgt tok/s;   1577 s elapsed
Epoch  3,   100/ 1267; acc:   0.00; ppl:  89.50; 2321 src tok/s; 3008 tgt tok/s;   1607 s elapsed
Epoch  3,   150/ 1267; acc:   0.00; ppl:  91.51; 2465 src tok/s; 3118 tgt tok/s;   1638 s elapsed
Epoch  3,   200/ 1267; acc:   0.00; ppl:  84.58; 2230 src tok/s; 2905 tgt tok/s;   1668 s elapsed
Epoch  3,   250/ 1267; acc:   0.00; ppl:  82.25; 2360 src tok/s; 3032 tgt tok/s;   1699 s elapsed
Epoch  3,   300/ 1267; acc:   0.00; ppl:  83.67; 2424 src tok/s; 3076 tgt tok/s;   1729 s elapsed
Epoch  3,   350/ 1267; acc:   0.00; ppl:  83.70; 2410 src tok/s; 3043 tgt tok/s;   1759 s elapsed
Epoch  3,   400/ 1267; acc:   0.00; ppl:  75.84; 2322 src tok/s; 3026 tgt tok/s;   1789 s elapsed
Epoch  3,   450/ 1267; acc:   0.00; ppl:  78.72; 2454 src tok/s; 3148 tgt tok/s;   1821 s elapsed
Epoch  3,   500/ 1267; acc:   0.00; ppl:  78.68; 2423 src tok/s; 3025 tgt tok/s;   1852 s elapsed
Epoch  3,   550/ 1267; acc:   0.00; ppl:  73.58; 2407 src tok/s; 3085 tgt tok/s;   1882 s elapsed
Epoch  3,   600/ 1267; acc:   0.00; ppl:  71.79; 2445 src tok/s; 3101 tgt tok/s;   1913 s elapsed
Epoch  3,   650/ 1267; acc:   0.00; ppl:  66.82; 2237 src tok/s; 2912 tgt tok/s;   1943 s elapsed
Epoch  3,   700/ 1267; acc:   0.00; ppl:  71.23; 2486 src tok/s; 3133 tgt tok/s;   1975 s elapsed
Epoch  3,   750/ 1267; acc:   0.00; ppl:  64.04; 2303 src tok/s; 3003 tgt tok/s;   2005 s elapsed
Epoch  3,   800/ 1267; acc:   0.00; ppl:  68.39; 2437 src tok/s; 3063 tgt tok/s;   2036 s elapsed
Epoch  3,   850/ 1267; acc:   0.00; ppl:  65.39; 2491 src tok/s; 3116 tgt tok/s;   2066 s elapsed
Epoch  3,   900/ 1267; acc:   0.00; ppl:  61.81; 2260 src tok/s; 2919 tgt tok/s;   2096 s elapsed
Epoch  3,   950/ 1267; acc:   0.00; ppl:  62.14; 2446 src tok/s; 3120 tgt tok/s;   2125 s elapsed
Epoch  3,  1000/ 1267; acc:   0.00; ppl:  59.34; 2312 src tok/s; 2991 tgt tok/s;   2154 s elapsed
Epoch  3,  1050/ 1267; acc:   0.00; ppl:  59.62; 2363 src tok/s; 3033 tgt tok/s;   2184 s elapsed
Epoch  3,  1100/ 1267; acc:   0.00; ppl:  63.10; 2512 src tok/s; 3142 tgt tok/s;   2215 s elapsed
Epoch  3,  1150/ 1267; acc:   0.00; ppl:  57.47; 2341 src tok/s; 2995 tgt tok/s;   2246 s elapsed
Epoch  3,  1200/ 1267; acc:   0.00; ppl:  56.41; 2372 src tok/s; 3019 tgt tok/s;   2276 s elapsed
Epoch  3,  1250/ 1267; acc:   0.00; ppl:  55.47; 2431 src tok/s; 3095 tgt tok/s;   2307 s elapsed
Train perplexity: 70.748
Train accuracy: 0
Validation perplexity: 92.6383
Validation accuracy: 0

Epoch  4,    50/ 1267; acc:   0.00; ppl:  50.70; 2447 src tok/s; 3095 tgt tok/s;   2351 s elapsed
Epoch  4,   100/ 1267; acc:   0.00; ppl:  46.45; 2346 src tok/s; 2979 tgt tok/s;   2380 s elapsed
Epoch  4,   150/ 1267; acc:   0.00; ppl:  49.55; 2388 src tok/s; 3019 tgt tok/s;   2410 s elapsed
Epoch  4,   200/ 1267; acc:   0.00; ppl:  47.96; 2438 src tok/s; 3083 tgt tok/s;   2442 s elapsed
Epoch  4,   250/ 1267; acc:   0.00; ppl:  45.65; 2366 src tok/s; 3039 tgt tok/s;   2471 s elapsed
Epoch  4,   300/ 1267; acc:   0.00; ppl:  46.57; 2316 src tok/s; 2957 tgt tok/s;   2499 s elapsed
Epoch  4,   350/ 1267; acc:   0.00; ppl:  46.69; 2307 src tok/s; 2985 tgt tok/s;   2529 s elapsed
Epoch  4,   400/ 1267; acc:   0.00; ppl:  45.11; 2349 src tok/s; 3019 tgt tok/s;   2559 s elapsed
Epoch  4,   450/ 1267; acc:   0.00; ppl:  45.91; 2392 src tok/s; 3065 tgt tok/s;   2589 s elapsed
Epoch  4,   500/ 1267; acc:   0.00; ppl:  44.59; 2338 src tok/s; 3066 tgt tok/s;   2617 s elapsed
Epoch  4,   550/ 1267; acc:   0.00; ppl:  45.64; 2353 src tok/s; 3042 tgt tok/s;   2647 s elapsed
Epoch  4,   600/ 1267; acc:   0.00; ppl:  43.70; 2418 src tok/s; 3103 tgt tok/s;   2676 s elapsed
Epoch  4,   650/ 1267; acc:   0.00; ppl:  44.02; 2354 src tok/s; 3019 tgt tok/s;   2708 s elapsed
Epoch  4,   700/ 1267; acc:   0.00; ppl:  43.02; 2362 src tok/s; 3021 tgt tok/s;   2738 s elapsed
Epoch  4,   750/ 1267; acc:   0.00; ppl:  43.22; 2431 src tok/s; 3105 tgt tok/s;   2769 s elapsed
Epoch  4,   800/ 1267; acc:   0.00; ppl:  45.25; 2475 src tok/s; 3105 tgt tok/s;   2800 s elapsed
Epoch  4,   850/ 1267; acc:   0.00; ppl:  44.36; 2472 src tok/s; 3099 tgt tok/s;   2832 s elapsed
Epoch  4,   900/ 1267; acc:   0.00; ppl:  44.16; 2466 src tok/s; 3092 tgt tok/s;   2864 s elapsed
Epoch  4,   950/ 1267; acc:   0.00; ppl:  41.47; 2391 src tok/s; 3059 tgt tok/s;   2895 s elapsed
Epoch  4,  1000/ 1267; acc:   0.00; ppl:  43.41; 2487 src tok/s; 3092 tgt tok/s;   2925 s elapsed
Epoch  4,  1050/ 1267; acc:   0.00; ppl:  40.88; 2394 src tok/s; 3068 tgt tok/s;   2957 s elapsed
Epoch  4,  1100/ 1267; acc:   0.00; ppl:  39.62; 2345 src tok/s; 3027 tgt tok/s;   2989 s elapsed
Epoch  4,  1150/ 1267; acc:   0.00; ppl:  40.76; 2431 src tok/s; 3088 tgt tok/s;   3018 s elapsed
Epoch  4,  1200/ 1267; acc:   0.00; ppl:  37.06; 2246 src tok/s; 2961 tgt tok/s;   3047 s elapsed
Epoch  4,  1250/ 1267; acc:   0.00; ppl:  38.52; 2338 src tok/s; 3013 tgt tok/s;   3079 s elapsed
Train perplexity: 43.9832
Train accuracy: 0
Validation perplexity: 66.8072
Validation accuracy: 0

Epoch  5,    50/ 1267; acc:   0.00; ppl:  33.79; 2322 src tok/s; 2997 tgt tok/s;   3120 s elapsed
Epoch  5,   100/ 1267; acc:   0.00; ppl:  33.39; 2356 src tok/s; 3036 tgt tok/s;   3150 s elapsed
Epoch  5,   150/ 1267; acc:   0.00; ppl:  34.57; 2437 src tok/s; 3071 tgt tok/s;   3181 s elapsed
Epoch  5,   200/ 1267; acc:   0.00; ppl:  32.45; 2331 src tok/s; 3029 tgt tok/s;   3211 s elapsed
Epoch  5,   250/ 1267; acc:   0.00; ppl:  34.19; 2516 src tok/s; 3143 tgt tok/s;   3243 s elapsed
Epoch  5,   300/ 1267; acc:   0.00; ppl:  34.01; 2427 src tok/s; 3103 tgt tok/s;   3275 s elapsed
Epoch  5,   350/ 1267; acc:   0.00; ppl:  33.92; 2382 src tok/s; 3030 tgt tok/s;   3305 s elapsed
Epoch  5,   400/ 1267; acc:   0.00; ppl:  35.04; 2493 src tok/s; 3142 tgt tok/s;   3337 s elapsed
Epoch  5,   450/ 1267; acc:   0.00; ppl:  32.99; 2271 src tok/s; 2921 tgt tok/s;   3366 s elapsed
Epoch  5,   500/ 1267; acc:   0.00; ppl:  34.82; 2479 src tok/s; 3067 tgt tok/s;   3398 s elapsed
Epoch  5,   550/ 1267; acc:   0.00; ppl:  33.36; 2436 src tok/s; 3099 tgt tok/s;   3429 s elapsed
Epoch  5,   600/ 1267; acc:   0.00; ppl:  32.34; 2380 src tok/s; 3054 tgt tok/s;   3459 s elapsed
Epoch  5,   650/ 1267; acc:   0.00; ppl:  31.34; 2301 src tok/s; 2979 tgt tok/s;   3489 s elapsed
Epoch  5,   700/ 1267; acc:   0.00; ppl:  31.84; 2333 src tok/s; 2981 tgt tok/s;   3519 s elapsed
Epoch  5,   750/ 1267; acc:   0.00; ppl:  30.93; 2237 src tok/s; 2932 tgt tok/s;   3547 s elapsed
Epoch  5,   800/ 1267; acc:   0.00; ppl:  33.05; 2433 src tok/s; 3145 tgt tok/s;   3579 s elapsed
Epoch  5,   850/ 1267; acc:   0.00; ppl:  32.16; 2394 src tok/s; 3082 tgt tok/s;   3608 s elapsed
Epoch  5,   900/ 1267; acc:   0.00; ppl:  30.21; 2328 src tok/s; 3017 tgt tok/s;   3636 s elapsed
Epoch  5,   950/ 1267; acc:   0.00; ppl:  31.94; 2414 src tok/s; 3033 tgt tok/s;   3666 s elapsed
Epoch  5,  1000/ 1267; acc:   0.00; ppl:  32.15; 2380 src tok/s; 3045 tgt tok/s;   3696 s elapsed
Epoch  5,  1050/ 1267; acc:   0.00; ppl:  33.98; 2543 src tok/s; 3166 tgt tok/s;   3728 s elapsed
Epoch  5,  1100/ 1267; acc:   0.00; ppl:  30.56; 2362 src tok/s; 3008 tgt tok/s;   3759 s elapsed
Epoch  5,  1150/ 1267; acc:   0.00; ppl:  30.87; 2351 src tok/s; 2994 tgt tok/s;   3789 s elapsed
Epoch  5,  1200/ 1267; acc:   0.00; ppl:  29.56; 2299 src tok/s; 2984 tgt tok/s;   3819 s elapsed
Epoch  5,  1250/ 1267; acc:   0.00; ppl:  31.09; 2430 src tok/s; 3101 tgt tok/s;   3850 s elapsed
Train perplexity: 32.5323
Train accuracy: 0
Validation perplexity: 53.453
Validation accuracy: 0

Epoch  6,    50/ 1267; acc:   0.00; ppl:  27.20; 2408 src tok/s; 3089 tgt tok/s;   3894 s elapsed
Epoch  6,   100/ 1267; acc:   0.00; ppl:  27.09; 2448 src tok/s; 3048 tgt tok/s;   3925 s elapsed
Epoch  6,   150/ 1267; acc:   0.00; ppl:  27.78; 2462 src tok/s; 3107 tgt tok/s;   3957 s elapsed
Epoch  6,   200/ 1267; acc:   0.00; ppl:  26.62; 2365 src tok/s; 3024 tgt tok/s;   3988 s elapsed
Epoch  6,   250/ 1267; acc:   0.00; ppl:  26.25; 2349 src tok/s; 3064 tgt tok/s;   4018 s elapsed
Epoch  6,   300/ 1267; acc:   0.00; ppl:  25.84; 2210 src tok/s; 2895 tgt tok/s;   4049 s elapsed
Epoch  6,   350/ 1267; acc:   0.00; ppl:  28.31; 2575 src tok/s; 3184 tgt tok/s;   4080 s elapsed
Epoch  6,   400/ 1267; acc:   0.00; ppl:  27.18; 2455 src tok/s; 3081 tgt tok/s;   4110 s elapsed
Epoch  6,   450/ 1267; acc:   0.00; ppl:  27.44; 2415 src tok/s; 3065 tgt tok/s;   4141 s elapsed
Epoch  6,   500/ 1267; acc:   0.00; ppl:  25.44; 2331 src tok/s; 3033 tgt tok/s;   4170 s elapsed
Epoch  6,   550/ 1267; acc:   0.00; ppl:  25.70; 2380 src tok/s; 3064 tgt tok/s;   4200 s elapsed
Epoch  6,   600/ 1267; acc:   0.00; ppl:  25.04; 2259 src tok/s; 2937 tgt tok/s;   4229 s elapsed
Epoch  6,   650/ 1267; acc:   0.00; ppl:  26.74; 2443 src tok/s; 3097 tgt tok/s;   4260 s elapsed
Epoch  6,   700/ 1267; acc:   0.00; ppl:  26.60; 2344 src tok/s; 2995 tgt tok/s;   4291 s elapsed
Epoch  6,   750/ 1267; acc:   0.00; ppl:  26.04; 2380 src tok/s; 3048 tgt tok/s;   4320 s elapsed
Epoch  6,   800/ 1267; acc:   0.00; ppl:  24.49; 2213 src tok/s; 2909 tgt tok/s;   4349 s elapsed
Epoch  6,   850/ 1267; acc:   0.00; ppl:  26.09; 2414 src tok/s; 3038 tgt tok/s;   4378 s elapsed
Epoch  6,   900/ 1267; acc:   0.00; ppl:  26.58; 2431 src tok/s; 3114 tgt tok/s;   4409 s elapsed
Epoch  6,   950/ 1267; acc:   0.00; ppl:  25.48; 2354 src tok/s; 3028 tgt tok/s;   4439 s elapsed
Epoch  6,  1000/ 1267; acc:   0.00; ppl:  26.47; 2451 src tok/s; 3091 tgt tok/s;   4468 s elapsed
Epoch  6,  1050/ 1267; acc:   0.00; ppl:  26.42; 2395 src tok/s; 3037 tgt tok/s;   4499 s elapsed
Epoch  6,  1100/ 1267; acc:   0.00; ppl:  24.38; 2285 src tok/s; 2955 tgt tok/s;   4528 s elapsed
Epoch  6,  1150/ 1267; acc:   0.00; ppl:  25.45; 2415 src tok/s; 3110 tgt tok/s;   4560 s elapsed
Epoch  6,  1200/ 1267; acc:   0.00; ppl:  25.17; 2369 src tok/s; 3080 tgt tok/s;   4590 s elapsed
Epoch  6,  1250/ 1267; acc:   0.00; ppl:  26.40; 2496 src tok/s; 3132 tgt tok/s;   4620 s elapsed
Train perplexity: 26.2395
Train accuracy: 0
Validation perplexity: 48.1195
Validation accuracy: 0

Epoch  7,    50/ 1267; acc:   0.00; ppl:  21.15; 2411 src tok/s; 3075 tgt tok/s;   4663 s elapsed
Epoch  7,   100/ 1267; acc:   0.00; ppl:  22.83; 2425 src tok/s; 3092 tgt tok/s;   4694 s elapsed
Epoch  7,   150/ 1267; acc:   0.00; ppl:  21.20; 2338 src tok/s; 3033 tgt tok/s;   4723 s elapsed
Epoch  7,   200/ 1267; acc:   0.00; ppl:  23.10; 2437 src tok/s; 3091 tgt tok/s;   4753 s elapsed
Epoch  7,   250/ 1267; acc:   0.00; ppl:  21.33; 2338 src tok/s; 3052 tgt tok/s;   4783 s elapsed
Epoch  7,   300/ 1267; acc:   0.00; ppl:  21.87; 2364 src tok/s; 3027 tgt tok/s;   4813 s elapsed
Epoch  7,   350/ 1267; acc:   0.00; ppl:  21.44; 2330 src tok/s; 2991 tgt tok/s;   4841 s elapsed
Epoch  7,   400/ 1267; acc:   0.00; ppl:  22.66; 2312 src tok/s; 2966 tgt tok/s;   4871 s elapsed
Epoch  7,   450/ 1267; acc:   0.00; ppl:  22.74; 2437 src tok/s; 3135 tgt tok/s;   4901 s elapsed
Epoch  7,   500/ 1267; acc:   0.00; ppl:  22.05; 2376 src tok/s; 3028 tgt tok/s;   4930 s elapsed
Epoch  7,   550/ 1267; acc:   0.00; ppl:  22.93; 2406 src tok/s; 3065 tgt tok/s;   4961 s elapsed
Epoch  7,   600/ 1267; acc:   0.00; ppl:  23.69; 2523 src tok/s; 3133 tgt tok/s;   4993 s elapsed
Epoch  7,   650/ 1267; acc:   0.00; ppl:  22.80; 2334 src tok/s; 2957 tgt tok/s;   5023 s elapsed
Epoch  7,   700/ 1267; acc:   0.00; ppl:  20.24; 2209 src tok/s; 2938 tgt tok/s;   5052 s elapsed
Epoch  7,   750/ 1267; acc:   0.00; ppl:  23.03; 2470 src tok/s; 3122 tgt tok/s;   5083 s elapsed
Epoch  7,   800/ 1267; acc:   0.00; ppl:  22.10; 2389 src tok/s; 3037 tgt tok/s;   5115 s elapsed
Epoch  7,   850/ 1267; acc:   0.00; ppl:  21.84; 2301 src tok/s; 2980 tgt tok/s;   5143 s elapsed
Epoch  7,   900/ 1267; acc:   0.00; ppl:  22.60; 2460 src tok/s; 3099 tgt tok/s;   5174 s elapsed
Epoch  7,   950/ 1267; acc:   0.00; ppl:  23.06; 2422 src tok/s; 3031 tgt tok/s;   5206 s elapsed
Epoch  7,  1000/ 1267; acc:   0.00; ppl:  21.34; 2357 src tok/s; 3039 tgt tok/s;   5236 s elapsed
Epoch  7,  1050/ 1267; acc:   0.00; ppl:  22.97; 2500 src tok/s; 3158 tgt tok/s;   5268 s elapsed
Epoch  7,  1100/ 1267; acc:   0.00; ppl:  22.24; 2366 src tok/s; 3057 tgt tok/s;   5299 s elapsed
Epoch  7,  1150/ 1267; acc:   0.00; ppl:  22.45; 2367 src tok/s; 3016 tgt tok/s;   5329 s elapsed
Epoch  7,  1200/ 1267; acc:   0.00; ppl:  22.01; 2403 src tok/s; 3033 tgt tok/s;   5360 s elapsed
Epoch  7,  1250/ 1267; acc:   0.00; ppl:  22.39; 2429 src tok/s; 3095 tgt tok/s;   5391 s elapsed
Train perplexity: 22.2236
Train accuracy: 0
Validation perplexity: 42.8586
Validation accuracy: 0

Epoch  8,    50/ 1267; acc:   0.00; ppl:  18.78; 2343 src tok/s; 3043 tgt tok/s;   5436 s elapsed
Epoch  8,   100/ 1267; acc:   0.00; ppl:  18.72; 2367 src tok/s; 3060 tgt tok/s;   5466 s elapsed
Epoch  8,   150/ 1267; acc:   0.00; ppl:  20.58; 2556 src tok/s; 3121 tgt tok/s;   5497 s elapsed
Epoch  8,   200/ 1267; acc:   0.00; ppl:  20.38; 2520 src tok/s; 3175 tgt tok/s;   5529 s elapsed
Epoch  8,   250/ 1267; acc:   0.00; ppl:  18.75; 2383 src tok/s; 3058 tgt tok/s;   5558 s elapsed
Epoch  8,   300/ 1267; acc:   0.00; ppl:  19.03; 2359 src tok/s; 2973 tgt tok/s;   5587 s elapsed
Epoch  8,   350/ 1267; acc:   0.00; ppl:  18.67; 2400 src tok/s; 3057 tgt tok/s;   5616 s elapsed
Epoch  8,   400/ 1267; acc:   0.00; ppl:  19.45; 2495 src tok/s; 3151 tgt tok/s;   5645 s elapsed
Epoch  8,   450/ 1267; acc:   0.00; ppl:  19.11; 2253 src tok/s; 2938 tgt tok/s;   5674 s elapsed
Epoch  8,   500/ 1267; acc:   0.00; ppl:  20.44; 2439 src tok/s; 3105 tgt tok/s;   5705 s elapsed
Epoch  8,   550/ 1267; acc:   0.00; ppl:  20.66; 2559 src tok/s; 3190 tgt tok/s;   5737 s elapsed
Epoch  8,   600/ 1267; acc:   0.00; ppl:  19.11; 2399 src tok/s; 3074 tgt tok/s;   5767 s elapsed
Epoch  8,   650/ 1267; acc:   0.00; ppl:  19.64; 2429 src tok/s; 3086 tgt tok/s;   5798 s elapsed
Epoch  8,   700/ 1267; acc:   0.00; ppl:  19.38; 2399 src tok/s; 3065 tgt tok/s;   5829 s elapsed
Epoch  8,   750/ 1267; acc:   0.00; ppl:  18.70; 2335 src tok/s; 3019 tgt tok/s;   5859 s elapsed
Epoch  8,   800/ 1267; acc:   0.00; ppl:  20.32; 2444 src tok/s; 3097 tgt tok/s;   5888 s elapsed
Epoch  8,   850/ 1267; acc:   0.00; ppl:  18.63; 2284 src tok/s; 2998 tgt tok/s;   5917 s elapsed
Epoch  8,   900/ 1267; acc:   0.00; ppl:  19.25; 2334 src tok/s; 2967 tgt tok/s;   5948 s elapsed
Epoch  8,   950/ 1267; acc:   0.00; ppl:  19.38; 2323 src tok/s; 3005 tgt tok/s;   5977 s elapsed
Epoch  8,  1000/ 1267; acc:   0.00; ppl:  18.75; 2319 src tok/s; 3021 tgt tok/s;   6008 s elapsed
Epoch  8,  1050/ 1267; acc:   0.00; ppl:  19.23; 2323 src tok/s; 2995 tgt tok/s;   6039 s elapsed
Epoch  8,  1100/ 1267; acc:   0.00; ppl:  20.04; 2386 src tok/s; 3049 tgt tok/s;   6069 s elapsed
Epoch  8,  1150/ 1267; acc:   0.00; ppl:  19.21; 2424 src tok/s; 3110 tgt tok/s;   6100 s elapsed
Epoch  8,  1200/ 1267; acc:   0.00; ppl:  19.39; 2386 src tok/s; 3056 tgt tok/s;   6129 s elapsed
Epoch  8,  1250/ 1267; acc:   0.00; ppl:  18.79; 2300 src tok/s; 2982 tgt tok/s;   6160 s elapsed
Train perplexity: 19.4091
Train accuracy: 0
Validation perplexity: 38.5461
Validation accuracy: 0
Decaying learning rate to 0.5

Epoch  9,    50/ 1267; acc:   0.00; ppl:  14.67; 2373 src tok/s; 3052 tgt tok/s;   6202 s elapsed
Epoch  9,   100/ 1267; acc:   0.00; ppl:  15.27; 2402 src tok/s; 3051 tgt tok/s;   6232 s elapsed
Epoch  9,   150/ 1267; acc:   0.00; ppl:  14.76; 2373 src tok/s; 3055 tgt tok/s;   6261 s elapsed
Epoch  9,   200/ 1267; acc:   0.00; ppl:  15.61; 2448 src tok/s; 3096 tgt tok/s;   6292 s elapsed
Epoch  9,   250/ 1267; acc:   0.00; ppl:  15.26; 2419 src tok/s; 3112 tgt tok/s;   6322 s elapsed
Epoch  9,   300/ 1267; acc:   0.00; ppl:  14.63; 2288 src tok/s; 2962 tgt tok/s;   6352 s elapsed
Epoch  9,   350/ 1267; acc:   0.00; ppl:  15.35; 2492 src tok/s; 3138 tgt tok/s;   6382 s elapsed
Epoch  9,   400/ 1267; acc:   0.00; ppl:  14.56; 2337 src tok/s; 3019 tgt tok/s;   6411 s elapsed
Epoch  9,   450/ 1267; acc:   0.00; ppl:  15.70; 2470 src tok/s; 3119 tgt tok/s;   6442 s elapsed
Epoch  9,   500/ 1267; acc:   0.00; ppl:  14.37; 2324 src tok/s; 2996 tgt tok/s;   6471 s elapsed
Epoch  9,   550/ 1267; acc:   0.00; ppl:  14.74; 2393 src tok/s; 3035 tgt tok/s;   6501 s elapsed
Epoch  9,   600/ 1267; acc:   0.00; ppl:  15.60; 2486 src tok/s; 3135 tgt tok/s;   6532 s elapsed
Epoch  9,   650/ 1267; acc:   0.00; ppl:  15.60; 2350 src tok/s; 2991 tgt tok/s;   6563 s elapsed
Epoch  9,   700/ 1267; acc:   0.00; ppl:  15.71; 2520 src tok/s; 3140 tgt tok/s;   6595 s elapsed
Epoch  9,   750/ 1267; acc:   0.00; ppl:  14.99; 2303 src tok/s; 2985 tgt tok/s;   6626 s elapsed
Epoch  9,   800/ 1267; acc:   0.00; ppl:  15.60; 2462 src tok/s; 3094 tgt tok/s;   6658 s elapsed
Epoch  9,   850/ 1267; acc:   0.00; ppl:  14.88; 2344 src tok/s; 3057 tgt tok/s;   6688 s elapsed
Epoch  9,   900/ 1267; acc:   0.00; ppl:  14.65; 2444 src tok/s; 3115 tgt tok/s;   6720 s elapsed
Epoch  9,   950/ 1267; acc:   0.00; ppl:  14.83; 2465 src tok/s; 3132 tgt tok/s;   6750 s elapsed
Epoch  9,  1000/ 1267; acc:   0.00; ppl:  15.03; 2337 src tok/s; 2998 tgt tok/s;   6781 s elapsed
Epoch  9,  1050/ 1267; acc:   0.00; ppl:  14.68; 2293 src tok/s; 2956 tgt tok/s;   6809 s elapsed
Epoch  9,  1100/ 1267; acc:   0.00; ppl:  13.66; 2219 src tok/s; 2956 tgt tok/s;   6837 s elapsed
Epoch  9,  1150/ 1267; acc:   0.00; ppl:  14.46; 2374 src tok/s; 3029 tgt tok/s;   6866 s elapsed
Epoch  9,  1200/ 1267; acc:   0.00; ppl:  14.58; 2338 src tok/s; 3011 tgt tok/s;   6896 s elapsed
Epoch  9,  1250/ 1267; acc:   0.00; ppl:  15.17; 2465 src tok/s; 3121 tgt tok/s;   6928 s elapsed
Train perplexity: 14.9911
Train accuracy: 0
Validation perplexity: 34.1051
Validation accuracy: 0
Decaying learning rate to 0.25

Epoch 10,    50/ 1267; acc:   0.00; ppl:  13.34; 2467 src tok/s; 3135 tgt tok/s;   6974 s elapsed
Epoch 10,   100/ 1267; acc:   0.00; ppl:  11.55; 2239 src tok/s; 2943 tgt tok/s;   7002 s elapsed
Epoch 10,   150/ 1267; acc:   0.00; ppl:  11.80; 2306 src tok/s; 3009 tgt tok/s;   7030 s elapsed
Epoch 10,   200/ 1267; acc:   0.00; ppl:  13.51; 2450 src tok/s; 3113 tgt tok/s;   7061 s elapsed
Epoch 10,   250/ 1267; acc:   0.00; ppl:  12.45; 2372 src tok/s; 3063 tgt tok/s;   7091 s elapsed
Epoch 10,   300/ 1267; acc:   0.00; ppl:  12.56; 2420 src tok/s; 3065 tgt tok/s;   7122 s elapsed
Epoch 10,   350/ 1267; acc:   0.00; ppl:  12.31; 2311 src tok/s; 3011 tgt tok/s;   7152 s elapsed
Epoch 10,   400/ 1267; acc:   0.00; ppl:  12.90; 2442 src tok/s; 3066 tgt tok/s;   7182 s elapsed
Epoch 10,   450/ 1267; acc:   0.00; ppl:  13.09; 2449 src tok/s; 3119 tgt tok/s;   7214 s elapsed
Epoch 10,   500/ 1267; acc:   0.00; ppl:  12.90; 2330 src tok/s; 2978 tgt tok/s;   7244 s elapsed
Epoch 10,   550/ 1267; acc:   0.00; ppl:  12.38; 2354 src tok/s; 3055 tgt tok/s;   7274 s elapsed
Epoch 10,   600/ 1267; acc:   0.00; ppl:  13.17; 2448 src tok/s; 3099 tgt tok/s;   7305 s elapsed
Epoch 10,   650/ 1267; acc:   0.00; ppl:  12.24; 2277 src tok/s; 2992 tgt tok/s;   7335 s elapsed
Epoch 10,   700/ 1267; acc:   0.00; ppl:  13.75; 2514 src tok/s; 3175 tgt tok/s;   7367 s elapsed
Epoch 10,   750/ 1267; acc:   0.00; ppl:  12.58; 2422 src tok/s; 3100 tgt tok/s;   7397 s elapsed
Epoch 10,   800/ 1267; acc:   0.00; ppl:  12.12; 2308 src tok/s; 2988 tgt tok/s;   7425 s elapsed
Epoch 10,   850/ 1267; acc:   0.00; ppl:  12.79; 2436 src tok/s; 3062 tgt tok/s;   7455 s elapsed
Epoch 10,   900/ 1267; acc:   0.00; ppl:  12.58; 2376 src tok/s; 3042 tgt tok/s;   7483 s elapsed
Epoch 10,   950/ 1267; acc:   0.00; ppl:  13.42; 2493 src tok/s; 3143 tgt tok/s;   7514 s elapsed
Epoch 10,  1000/ 1267; acc:   0.00; ppl:  12.80; 2416 src tok/s; 3064 tgt tok/s;   7544 s elapsed
Epoch 10,  1050/ 1267; acc:   0.00; ppl:  12.44; 2306 src tok/s; 2967 tgt tok/s;   7574 s elapsed
Epoch 10,  1100/ 1267; acc:   0.00; ppl:  12.72; 2385 src tok/s; 3020 tgt tok/s;   7605 s elapsed
Epoch 10,  1150/ 1267; acc:   0.00; ppl:  12.63; 2436 src tok/s; 3113 tgt tok/s;   7635 s elapsed
Epoch 10,  1200/ 1267; acc:   0.00; ppl:  12.66; 2396 src tok/s; 3029 tgt tok/s;   7665 s elapsed
Epoch 10,  1250/ 1267; acc:   0.00; ppl:  14.20; 2587 src tok/s; 3201 tgt tok/s;   7697 s elapsed
Train perplexity: 12.7649
Train accuracy: 0
Validation perplexity: 32.8522
Validation accuracy: 0
Decaying learning rate to 0.125

Epoch 11,    50/ 1267; acc:   0.00; ppl:  11.50; 2379 src tok/s; 3050 tgt tok/s;   7739 s elapsed
Epoch 11,   100/ 1267; acc:   0.00; ppl:  11.69; 2381 src tok/s; 3052 tgt tok/s;   7769 s elapsed
Epoch 11,   150/ 1267; acc:   0.00; ppl:  11.86; 2381 src tok/s; 3032 tgt tok/s;   7800 s elapsed
Epoch 11,   200/ 1267; acc:   0.00; ppl:  12.20; 2495 src tok/s; 3146 tgt tok/s;   7830 s elapsed
Epoch 11,   250/ 1267; acc:   0.00; ppl:  11.41; 2318 src tok/s; 3005 tgt tok/s;   7859 s elapsed
Epoch 11,   300/ 1267; acc:   0.00; ppl:  11.77; 2471 src tok/s; 3114 tgt tok/s;   7888 s elapsed
Epoch 11,   350/ 1267; acc:   0.00; ppl:  11.08; 2289 src tok/s; 2995 tgt tok/s;   7917 s elapsed
Epoch 11,   400/ 1267; acc:   0.00; ppl:  10.96; 2313 src tok/s; 2982 tgt tok/s;   7946 s elapsed
Epoch 11,   450/ 1267; acc:   0.00; ppl:  11.88; 2417 src tok/s; 3064 tgt tok/s;   7978 s elapsed
Epoch 11,   500/ 1267; acc:   0.00; ppl:  11.89; 2479 src tok/s; 3141 tgt tok/s;   8010 s elapsed
Epoch 11,   550/ 1267; acc:   0.00; ppl:  12.26; 2476 src tok/s; 3082 tgt tok/s;   8039 s elapsed
Epoch 11,   600/ 1267; acc:   0.00; ppl:  10.81; 2252 src tok/s; 2954 tgt tok/s;   8068 s elapsed
Epoch 11,   650/ 1267; acc:   0.00; ppl:  11.50; 2348 src tok/s; 3048 tgt tok/s;   8098 s elapsed
Epoch 11,   700/ 1267; acc:   0.00; ppl:  11.95; 2438 src tok/s; 3103 tgt tok/s;   8129 s elapsed
Epoch 11,   750/ 1267; acc:   0.00; ppl:  12.28; 2459 src tok/s; 3109 tgt tok/s;   8160 s elapsed
Epoch 11,   800/ 1267; acc:   0.00; ppl:  12.01; 2518 src tok/s; 3173 tgt tok/s;   8192 s elapsed
Epoch 11,   850/ 1267; acc:   0.00; ppl:  11.40; 2345 src tok/s; 3008 tgt tok/s;   8223 s elapsed
Epoch 11,   900/ 1267; acc:   0.00; ppl:  10.98; 2303 src tok/s; 2998 tgt tok/s;   8252 s elapsed
Epoch 11,   950/ 1267; acc:   0.00; ppl:  11.25; 2314 src tok/s; 3008 tgt tok/s;   8282 s elapsed
Epoch 11,  1000/ 1267; acc:   0.00; ppl:  12.04; 2397 src tok/s; 3047 tgt tok/s;   8311 s elapsed
Epoch 11,  1050/ 1267; acc:   0.00; ppl:  12.08; 2465 src tok/s; 3075 tgt tok/s;   8342 s elapsed
Epoch 11,  1100/ 1267; acc:   0.00; ppl:  12.36; 2476 src tok/s; 3135 tgt tok/s;   8373 s elapsed
Epoch 11,  1150/ 1267; acc:   0.00; ppl:  11.50; 2334 src tok/s; 2999 tgt tok/s;   8403 s elapsed
Epoch 11,  1200/ 1267; acc:   0.00; ppl:  11.69; 2355 src tok/s; 3045 tgt tok/s;   8434 s elapsed
Epoch 11,  1250/ 1267; acc:   0.00; ppl:  12.11; 2508 src tok/s; 3164 tgt tok/s;   8465 s elapsed
Train perplexity: 11.705
Train accuracy: 0
Validation perplexity: 32.6025
Validation accuracy: 0
Decaying learning rate to 0.0625

Epoch 12,    50/ 1267; acc:   0.00; ppl:  10.76; 2331 src tok/s; 3003 tgt tok/s;   8508 s elapsed
Epoch 12,   100/ 1267; acc:   0.00; ppl:  11.56; 2495 src tok/s; 3134 tgt tok/s;   8539 s elapsed
Epoch 12,   150/ 1267; acc:   0.00; ppl:  12.51; 2550 src tok/s; 3166 tgt tok/s;   8571 s elapsed
Epoch 12,   200/ 1267; acc:   0.00; ppl:  11.22; 2419 src tok/s; 3076 tgt tok/s;   8601 s elapsed
Epoch 12,   250/ 1267; acc:   0.00; ppl:  11.20; 2384 src tok/s; 3044 tgt tok/s;   8633 s elapsed
Epoch 12,   300/ 1267; acc:   0.00; ppl:  11.10; 2355 src tok/s; 3035 tgt tok/s;   8662 s elapsed
Epoch 12,   350/ 1267; acc:   0.00; ppl:  10.87; 2304 src tok/s; 3020 tgt tok/s;   8692 s elapsed
Epoch 12,   400/ 1267; acc:   0.00; ppl:  11.92; 2525 src tok/s; 3133 tgt tok/s;   8724 s elapsed
Epoch 12,   450/ 1267; acc:   0.00; ppl:  11.38; 2536 src tok/s; 3187 tgt tok/s;   8755 s elapsed
Epoch 12,   500/ 1267; acc:   0.00; ppl:  11.51; 2454 src tok/s; 3037 tgt tok/s;   8786 s elapsed
Epoch 12,   550/ 1267; acc:   0.00; ppl:  10.59; 2355 src tok/s; 3037 tgt tok/s;   8814 s elapsed
Epoch 12,   600/ 1267; acc:   0.00; ppl:  10.91; 2381 src tok/s; 3068 tgt tok/s;   8845 s elapsed
Epoch 12,   650/ 1267; acc:   0.00; ppl:  10.62; 2295 src tok/s; 2972 tgt tok/s;   8876 s elapsed
Epoch 12,   700/ 1267; acc:   0.00; ppl:  11.25; 2378 src tok/s; 3050 tgt tok/s;   8906 s elapsed
Epoch 12,   750/ 1267; acc:   0.00; ppl:  10.99; 2381 src tok/s; 3051 tgt tok/s;   8937 s elapsed
Epoch 12,   800/ 1267; acc:   0.00; ppl:  11.20; 2412 src tok/s; 3080 tgt tok/s;   8967 s elapsed
Epoch 12,   850/ 1267; acc:   0.00; ppl:  11.40; 2450 src tok/s; 3105 tgt tok/s;   8996 s elapsed
Epoch 12,   900/ 1267; acc:   0.00; ppl:  10.49; 2274 src tok/s; 2986 tgt tok/s;   9026 s elapsed
Epoch 12,   950/ 1267; acc:   0.00; ppl:  10.73; 2278 src tok/s; 2956 tgt tok/s;   9056 s elapsed
Epoch 12,  1000/ 1267; acc:   0.00; ppl:  11.26; 2259 src tok/s; 2892 tgt tok/s;   9084 s elapsed
Epoch 12,  1050/ 1267; acc:   0.00; ppl:  10.54; 2268 src tok/s; 2969 tgt tok/s;   9114 s elapsed
Epoch 12,  1100/ 1267; acc:   0.00; ppl:  11.68; 2492 src tok/s; 3136 tgt tok/s;   9145 s elapsed
Epoch 12,  1150/ 1267; acc:   0.00; ppl:  11.35; 2387 src tok/s; 3017 tgt tok/s;   9176 s elapsed
Epoch 12,  1200/ 1267; acc:   0.00; ppl:  11.32; 2504 src tok/s; 3196 tgt tok/s;   9207 s elapsed
Epoch 12,  1250/ 1267; acc:   0.00; ppl:  10.71; 2290 src tok/s; 2955 tgt tok/s;   9236 s elapsed
Train perplexity: 11.163
Train accuracy: 0
Validation perplexity: 32.5381
Validation accuracy: 0
Decaying learning rate to 0.03125

Epoch 13,    50/ 1267; acc:   0.00; ppl:  11.14; 2479 src tok/s; 3123 tgt tok/s;   9278 s elapsed
Epoch 13,   100/ 1267; acc:   0.00; ppl:  10.49; 2328 src tok/s; 3024 tgt tok/s;   9308 s elapsed
Epoch 13,   150/ 1267; acc:   0.00; ppl:   9.98; 2253 src tok/s; 2974 tgt tok/s;   9336 s elapsed
Epoch 13,   200/ 1267; acc:   0.00; ppl:  10.38; 2322 src tok/s; 2978 tgt tok/s;   9367 s elapsed
Epoch 13,   250/ 1267; acc:   0.00; ppl:  10.21; 2271 src tok/s; 2971 tgt tok/s;   9395 s elapsed
Epoch 13,   300/ 1267; acc:   0.00; ppl:  10.24; 2315 src tok/s; 3008 tgt tok/s;   9426 s elapsed
Epoch 13,   350/ 1267; acc:   0.00; ppl:  11.33; 2440 src tok/s; 3116 tgt tok/s;   9458 s elapsed
Epoch 13,   400/ 1267; acc:   0.00; ppl:  10.39; 2314 src tok/s; 3001 tgt tok/s;   9488 s elapsed
Epoch 13,   450/ 1267; acc:   0.00; ppl:  11.25; 2465 src tok/s; 3114 tgt tok/s;   9519 s elapsed
Epoch 13,   500/ 1267; acc:   0.00; ppl:  11.51; 2508 src tok/s; 3090 tgt tok/s;   9549 s elapsed
Epoch 13,   550/ 1267; acc:   0.00; ppl:  10.67; 2302 src tok/s; 2971 tgt tok/s;   9579 s elapsed
Epoch 13,   600/ 1267; acc:   0.00; ppl:  11.29; 2454 src tok/s; 3075 tgt tok/s;   9609 s elapsed
Epoch 13,   650/ 1267; acc:   0.00; ppl:  10.83; 2372 src tok/s; 3034 tgt tok/s;   9639 s elapsed
Epoch 13,   700/ 1267; acc:   0.00; ppl:  11.17; 2401 src tok/s; 3064 tgt tok/s;   9671 s elapsed
Epoch 13,   750/ 1267; acc:   0.00; ppl:  11.85; 2499 src tok/s; 3081 tgt tok/s;   9701 s elapsed
Epoch 13,   800/ 1267; acc:   0.00; ppl:  11.61; 2488 src tok/s; 3114 tgt tok/s;   9732 s elapsed
Epoch 13,   850/ 1267; acc:   0.00; ppl:  10.84; 2338 src tok/s; 2998 tgt tok/s;   9763 s elapsed
Epoch 13,   900/ 1267; acc:   0.00; ppl:  11.02; 2465 src tok/s; 3127 tgt tok/s;   9793 s elapsed
Epoch 13,   950/ 1267; acc:   0.00; ppl:  11.48; 2440 src tok/s; 3088 tgt tok/s;   9825 s elapsed
Epoch 13,  1000/ 1267; acc:   0.00; ppl:  10.87; 2359 src tok/s; 3065 tgt tok/s;   9856 s elapsed
Epoch 13,  1050/ 1267; acc:   0.00; ppl:  10.85; 2408 src tok/s; 3084 tgt tok/s;   9887 s elapsed
Epoch 13,  1100/ 1267; acc:   0.00; ppl:  10.74; 2327 src tok/s; 3018 tgt tok/s;   9916 s elapsed
Epoch 13,  1150/ 1267; acc:   0.00; ppl:  10.69; 2362 src tok/s; 3014 tgt tok/s;   9947 s elapsed
Epoch 13,  1200/ 1267; acc:   0.00; ppl:  10.76; 2377 src tok/s; 3038 tgt tok/s;   9978 s elapsed
Epoch 13,  1250/ 1267; acc:   0.00; ppl:  10.73; 2329 src tok/s; 3000 tgt tok/s;  10009 s elapsed
Train perplexity: 10.8985
Train accuracy: 0
Validation perplexity: 32.4235
Validation accuracy: 0
Decaying learning rate to 0.015625

Epoch 14,    50/ 1267; acc:   0.00; ppl:  10.53; 2399 src tok/s; 3095 tgt tok/s;  10051 s elapsed
Epoch 14,   100/ 1267; acc:   0.00; ppl:   9.88; 2222 src tok/s; 2910 tgt tok/s;  10079 s elapsed
Epoch 14,   150/ 1267; acc:   0.00; ppl:  10.69; 2386 src tok/s; 3013 tgt tok/s;  10109 s elapsed
Epoch 14,   200/ 1267; acc:   0.00; ppl:  10.78; 2360 src tok/s; 3040 tgt tok/s;  10140 s elapsed
Epoch 14,   250/ 1267; acc:   0.00; ppl:  11.19; 2439 src tok/s; 3070 tgt tok/s;  10170 s elapsed
Epoch 14,   300/ 1267; acc:   0.00; ppl:  10.28; 2315 src tok/s; 2986 tgt tok/s;  10201 s elapsed
Epoch 14,   350/ 1267; acc:   0.00; ppl:  11.32; 2469 src tok/s; 3100 tgt tok/s;  10232 s elapsed
Epoch 14,   400/ 1267; acc:   0.00; ppl:   9.84; 2317 src tok/s; 3016 tgt tok/s;  10260 s elapsed
Epoch 14,   450/ 1267; acc:   0.00; ppl:  11.21; 2392 src tok/s; 3032 tgt tok/s;  10292 s elapsed
Epoch 14,   500/ 1267; acc:   0.00; ppl:   9.86; 2225 src tok/s; 2911 tgt tok/s;  10320 s elapsed
Epoch 14,   550/ 1267; acc:   0.00; ppl:  10.74; 2392 src tok/s; 3085 tgt tok/s;  10351 s elapsed
Epoch 14,   600/ 1267; acc:   0.00; ppl:  10.97; 2382 src tok/s; 3008 tgt tok/s;  10381 s elapsed
Epoch 14,   650/ 1267; acc:   0.00; ppl:  11.45; 2537 src tok/s; 3113 tgt tok/s;  10412 s elapsed
Epoch 14,   700/ 1267; acc:   0.00; ppl:  10.55; 2319 src tok/s; 3001 tgt tok/s;  10443 s elapsed
Epoch 14,   750/ 1267; acc:   0.00; ppl:  11.08; 2391 src tok/s; 3048 tgt tok/s;  10474 s elapsed
Epoch 14,   800/ 1267; acc:   0.00; ppl:  10.61; 2338 src tok/s; 3009 tgt tok/s;  10505 s elapsed
Epoch 14,   850/ 1267; acc:   0.00; ppl:  11.18; 2432 src tok/s; 3088 tgt tok/s;  10536 s elapsed
Epoch 14,   900/ 1267; acc:   0.00; ppl:  10.78; 2424 src tok/s; 3104 tgt tok/s;  10567 s elapsed
Epoch 14,   950/ 1267; acc:   0.00; ppl:  12.00; 2634 src tok/s; 3276 tgt tok/s;  10600 s elapsed
Epoch 14,  1000/ 1267; acc:   0.00; ppl:  10.51; 2383 src tok/s; 3055 tgt tok/s;  10631 s elapsed
Epoch 14,  1050/ 1267; acc:   0.00; ppl:   9.92; 2231 src tok/s; 2893 tgt tok/s;  10658 s elapsed
Epoch 14,  1100/ 1267; acc:   0.00; ppl:  10.63; 2391 src tok/s; 3098 tgt tok/s;  10688 s elapsed
Epoch 14,  1150/ 1267; acc:   0.00; ppl:  10.88; 2440 src tok/s; 3095 tgt tok/s;  10719 s elapsed
Epoch 14,  1200/ 1267; acc:   0.00; ppl:  11.24; 2421 src tok/s; 3091 tgt tok/s;  10750 s elapsed
Epoch 14,  1250/ 1267; acc:   0.00; ppl:  10.76; 2390 src tok/s; 3036 tgt tok/s;  10779 s elapsed
Train perplexity: 10.7642
Train accuracy: 0
Validation perplexity: 32.442
Validation accuracy: 0
Decaying learning rate to 0.0078125

Epoch 15,    50/ 1267; acc:   0.00; ppl:  10.70; 2345 src tok/s; 3005 tgt tok/s;  10821 s elapsed
Epoch 15,   100/ 1267; acc:   0.00; ppl:  10.50; 2366 src tok/s; 3032 tgt tok/s;  10851 s elapsed
Epoch 15,   150/ 1267; acc:   0.00; ppl:  11.42; 2529 src tok/s; 3116 tgt tok/s;  10882 s elapsed
Epoch 15,   200/ 1267; acc:   0.00; ppl:  11.22; 2410 src tok/s; 3085 tgt tok/s;  10914 s elapsed
Epoch 15,   250/ 1267; acc:   0.00; ppl:  10.50; 2358 src tok/s; 3029 tgt tok/s;  10943 s elapsed
Epoch 15,   300/ 1267; acc:   0.00; ppl:  10.45; 2376 src tok/s; 3048 tgt tok/s;  10973 s elapsed
Epoch 15,   350/ 1267; acc:   0.00; ppl:  10.68; 2412 src tok/s; 3101 tgt tok/s;  11003 s elapsed
Epoch 15,   400/ 1267; acc:   0.00; ppl:  11.38; 2537 src tok/s; 3177 tgt tok/s;  11035 s elapsed
Epoch 15,   450/ 1267; acc:   0.00; ppl:  10.14; 2349 src tok/s; 3056 tgt tok/s;  11065 s elapsed
Epoch 15,   500/ 1267; acc:   0.00; ppl:  11.48; 2441 src tok/s; 3066 tgt tok/s;  11095 s elapsed
Epoch 15,   550/ 1267; acc:   0.00; ppl:  10.63; 2362 src tok/s; 3061 tgt tok/s;  11125 s elapsed
Epoch 15,   600/ 1267; acc:   0.00; ppl:   9.85; 2268 src tok/s; 2952 tgt tok/s;  11153 s elapsed
Epoch 15,   650/ 1267; acc:   0.00; ppl:  10.47; 2392 src tok/s; 3053 tgt tok/s;  11184 s elapsed
Epoch 15,   700/ 1267; acc:   0.00; ppl:  10.55; 2297 src tok/s; 2976 tgt tok/s;  11215 s elapsed
Epoch 15,   750/ 1267; acc:   0.00; ppl:  11.84; 2568 src tok/s; 3188 tgt tok/s;  11247 s elapsed
Epoch 15,   800/ 1267; acc:   0.00; ppl:   9.91; 2353 src tok/s; 3066 tgt tok/s;  11276 s elapsed
Epoch 15,   850/ 1267; acc:   0.00; ppl:  11.00; 2414 src tok/s; 3075 tgt tok/s;  11306 s elapsed
Epoch 15,   900/ 1267; acc:   0.00; ppl:  10.85; 2398 src tok/s; 3059 tgt tok/s;  11337 s elapsed
Epoch 15,   950/ 1267; acc:   0.00; ppl:  10.64; 2377 src tok/s; 3029 tgt tok/s;  11369 s elapsed
Epoch 15,  1000/ 1267; acc:   0.00; ppl:  10.71; 2438 src tok/s; 3078 tgt tok/s;  11398 s elapsed
Epoch 15,  1050/ 1267; acc:   0.00; ppl:  10.15; 2427 src tok/s; 3076 tgt tok/s;  11427 s elapsed
Epoch 15,  1100/ 1267; acc:   0.00; ppl:  11.07; 2386 src tok/s; 3027 tgt tok/s;  11457 s elapsed
Epoch 15,  1150/ 1267; acc:   0.00; ppl:  10.35; 2422 src tok/s; 3086 tgt tok/s;  11486 s elapsed
Epoch 15,  1200/ 1267; acc:   0.00; ppl:  10.79; 2244 src tok/s; 2916 tgt tok/s;  11517 s elapsed
Epoch 15,  1250/ 1267; acc:   0.00; ppl:  10.26; 2311 src tok/s; 3012 tgt tok/s;  11548 s elapsed
Train perplexity: 10.7043
Train accuracy: 0
Validation perplexity: 32.4676
Validation accuracy: 0
Decaying learning rate to 0.00390625

Epoch 16,    50/ 1267; acc:   0.00; ppl:  10.38; 2347 src tok/s; 3010 tgt tok/s;  11589 s elapsed
Epoch 16,   100/ 1267; acc:   0.00; ppl:  11.45; 2509 src tok/s; 3141 tgt tok/s;  11622 s elapsed
Epoch 16,   150/ 1267; acc:   0.00; ppl:  11.17; 2435 src tok/s; 3114 tgt tok/s;  11654 s elapsed
Epoch 16,   200/ 1267; acc:   0.00; ppl:  10.55; 2373 src tok/s; 3085 tgt tok/s;  11684 s elapsed
Epoch 16,   250/ 1267; acc:   0.00; ppl:  11.41; 2493 src tok/s; 3136 tgt tok/s;  11715 s elapsed
Epoch 16,   300/ 1267; acc:   0.00; ppl:  10.64; 2360 src tok/s; 3066 tgt tok/s;  11745 s elapsed
Epoch 16,   350/ 1267; acc:   0.00; ppl:  10.88; 2378 src tok/s; 3036 tgt tok/s;  11777 s elapsed
Epoch 16,   400/ 1267; acc:   0.00; ppl:  11.09; 2497 src tok/s; 3149 tgt tok/s;  11809 s elapsed
Epoch 16,   450/ 1267; acc:   0.00; ppl:  10.27; 2334 src tok/s; 3021 tgt tok/s;  11837 s elapsed
Epoch 16,   500/ 1267; acc:   0.00; ppl:  10.25; 2297 src tok/s; 2969 tgt tok/s;  11867 s elapsed
Epoch 16,   550/ 1267; acc:   0.00; ppl:  10.65; 2349 src tok/s; 2997 tgt tok/s;  11897 s elapsed
Epoch 16,   600/ 1267; acc:   0.00; ppl:  11.17; 2498 src tok/s; 3141 tgt tok/s;  11928 s elapsed
Epoch 16,   650/ 1267; acc:   0.00; ppl:  11.24; 2545 src tok/s; 3150 tgt tok/s;  11959 s elapsed
Epoch 16,   700/ 1267; acc:   0.00; ppl:  10.35; 2340 src tok/s; 3020 tgt tok/s;  11989 s elapsed
Epoch 16,   750/ 1267; acc:   0.00; ppl:   9.72; 2250 src tok/s; 2918 tgt tok/s;  12017 s elapsed
Epoch 16,   800/ 1267; acc:   0.00; ppl:  11.15; 2490 src tok/s; 3127 tgt tok/s;  12048 s elapsed
Epoch 16,   850/ 1267; acc:   0.00; ppl:  10.65; 2385 src tok/s; 3069 tgt tok/s;  12079 s elapsed
Epoch 16,   900/ 1267; acc:   0.00; ppl:  10.24; 2311 src tok/s; 3010 tgt tok/s;  12108 s elapsed
Epoch 16,   950/ 1267; acc:   0.00; ppl:  10.25; 2376 src tok/s; 3055 tgt tok/s;  12138 s elapsed
Epoch 16,  1000/ 1267; acc:   0.00; ppl:  10.05; 2258 src tok/s; 2919 tgt tok/s;  12167 s elapsed
Epoch 16,  1050/ 1267; acc:   0.00; ppl:  10.58; 2327 src tok/s; 2986 tgt tok/s;  12198 s elapsed
Epoch 16,  1100/ 1267; acc:   0.00; ppl:  10.46; 2365 src tok/s; 3009 tgt tok/s;  12227 s elapsed
Epoch 16,  1150/ 1267; acc:   0.00; ppl:  11.07; 2479 src tok/s; 3091 tgt tok/s;  12258 s elapsed
Epoch 16,  1200/ 1267; acc:   0.00; ppl:  10.20; 2282 src tok/s; 2958 tgt tok/s;  12287 s elapsed
Epoch 16,  1250/ 1267; acc:   0.00; ppl:  10.74; 2402 src tok/s; 3072 tgt tok/s;  12318 s elapsed
Train perplexity: 10.6734
Train accuracy: 0
Validation perplexity: 32.4408
Validation accuracy: 0
Decaying learning rate to 0.00195312

Epoch 17,    50/ 1267; acc:   0.00; ppl:  10.86; 2326 src tok/s; 2994 tgt tok/s;  12360 s elapsed
Epoch 17,   100/ 1267; acc:   0.00; ppl:  10.49; 2396 src tok/s; 3083 tgt tok/s;  12390 s elapsed
Epoch 17,   150/ 1267; acc:   0.00; ppl:  10.87; 2447 src tok/s; 3097 tgt tok/s;  12420 s elapsed
Epoch 17,   200/ 1267; acc:   0.00; ppl:  11.30; 2506 src tok/s; 3132 tgt tok/s;  12452 s elapsed
Epoch 17,   250/ 1267; acc:   0.00; ppl:   9.76; 2140 src tok/s; 2814 tgt tok/s;  12480 s elapsed
Epoch 17,   300/ 1267; acc:   0.00; ppl:  11.32; 2499 src tok/s; 3109 tgt tok/s;  12512 s elapsed
Epoch 17,   350/ 1267; acc:   0.00; ppl:  10.52; 2422 src tok/s; 3090 tgt tok/s;  12542 s elapsed
Epoch 17,   400/ 1267; acc:   0.00; ppl:  10.67; 2423 src tok/s; 3084 tgt tok/s;  12572 s elapsed
Epoch 17,   450/ 1267; acc:   0.00; ppl:   9.93; 2287 src tok/s; 2961 tgt tok/s;  12601 s elapsed
Epoch 17,   500/ 1267; acc:   0.00; ppl:  10.33; 2374 src tok/s; 3071 tgt tok/s;  12631 s elapsed
Epoch 17,   550/ 1267; acc:   0.00; ppl:  10.65; 2434 src tok/s; 3105 tgt tok/s;  12662 s elapsed
Epoch 17,   600/ 1267; acc:   0.00; ppl:  10.03; 2337 src tok/s; 3019 tgt tok/s;  12689 s elapsed
Epoch 17,   650/ 1267; acc:   0.00; ppl:  10.50; 2304 src tok/s; 3017 tgt tok/s;  12720 s elapsed
Epoch 17,   700/ 1267; acc:   0.00; ppl:  10.11; 2348 src tok/s; 3005 tgt tok/s;  12750 s elapsed
Epoch 17,   750/ 1267; acc:   0.00; ppl:  10.81; 2450 src tok/s; 3113 tgt tok/s;  12782 s elapsed
Epoch 17,   800/ 1267; acc:   0.00; ppl:  10.29; 2361 src tok/s; 3038 tgt tok/s;  12811 s elapsed
Epoch 17,   850/ 1267; acc:   0.00; ppl:  10.46; 2330 src tok/s; 3014 tgt tok/s;  12842 s elapsed
Epoch 17,   900/ 1267; acc:   0.00; ppl:  11.09; 2500 src tok/s; 3153 tgt tok/s;  12873 s elapsed
Epoch 17,   950/ 1267; acc:   0.00; ppl:  10.81; 2381 src tok/s; 3064 tgt tok/s;  12903 s elapsed
Epoch 17,  1000/ 1267; acc:   0.00; ppl:  11.39; 2495 src tok/s; 3127 tgt tok/s;  12935 s elapsed
Epoch 17,  1050/ 1267; acc:   0.00; ppl:  11.46; 2458 src tok/s; 3091 tgt tok/s;  12966 s elapsed
Epoch 17,  1100/ 1267; acc:   0.00; ppl:   9.90; 2269 src tok/s; 2955 tgt tok/s;  12994 s elapsed
Epoch 17,  1150/ 1267; acc:   0.00; ppl:  10.03; 2322 src tok/s; 3058 tgt tok/s;  13024 s elapsed
Epoch 17,  1200/ 1267; acc:   0.00; ppl:  11.98; 2187 src tok/s; 2714 tgt tok/s;  13063 s elapsed
Epoch 17,  1250/ 1267; acc:   0.00; ppl:  10.72; 2424 src tok/s; 3065 tgt tok/s;  13092 s elapsed
Train perplexity: 10.6578
Train accuracy: 0
Validation perplexity: 32.4429
Validation accuracy: 0
Decaying learning rate to 0.000976562

Epoch 18,    50/ 1267; acc:   0.00; ppl:  10.55; 2290 src tok/s; 2959 tgt tok/s;  13135 s elapsed
Epoch 18,   100/ 1267; acc:   0.00; ppl:  11.42; 2495 src tok/s; 3137 tgt tok/s;  13167 s elapsed
Epoch 18,   150/ 1267; acc:   0.00; ppl:  10.10; 2318 src tok/s; 3015 tgt tok/s;  13197 s elapsed
Epoch 18,   200/ 1267; acc:   0.00; ppl:  10.49; 2382 src tok/s; 3018 tgt tok/s;  13228 s elapsed
Epoch 18,   250/ 1267; acc:   0.00; ppl:  10.92; 2474 src tok/s; 3121 tgt tok/s;  13257 s elapsed
Epoch 18,   300/ 1267; acc:   0.00; ppl:  10.53; 2407 src tok/s; 3076 tgt tok/s;  13287 s elapsed
Epoch 18,   350/ 1267; acc:   0.00; ppl:  10.63; 2446 src tok/s; 3080 tgt tok/s;  13317 s elapsed
Epoch 18,   400/ 1267; acc:   0.00; ppl:  11.04; 2395 src tok/s; 3056 tgt tok/s;  13348 s elapsed
Epoch 18,   450/ 1267; acc:   0.00; ppl:  10.80; 2456 src tok/s; 3111 tgt tok/s;  13379 s elapsed
Epoch 18,   500/ 1267; acc:   0.00; ppl:  10.96; 2454 src tok/s; 3127 tgt tok/s;  13409 s elapsed
Epoch 18,   550/ 1267; acc:   0.00; ppl:  10.36; 2445 src tok/s; 3078 tgt tok/s;  13438 s elapsed
Epoch 18,   600/ 1267; acc:   0.00; ppl:  11.22; 2424 src tok/s; 3048 tgt tok/s;  13469 s elapsed
Epoch 18,   650/ 1267; acc:   0.00; ppl:  10.37; 2401 src tok/s; 3101 tgt tok/s;  13498 s elapsed
Epoch 18,   700/ 1267; acc:   0.00; ppl:   9.94; 2263 src tok/s; 2967 tgt tok/s;  13526 s elapsed
Epoch 18,   750/ 1267; acc:   0.00; ppl:  10.52; 2403 src tok/s; 3074 tgt tok/s;  13557 s elapsed
Epoch 18,   800/ 1267; acc:   0.00; ppl:  11.09; 2458 src tok/s; 3099 tgt tok/s;  13587 s elapsed
Epoch 18,   850/ 1267; acc:   0.00; ppl:  10.26; 2346 src tok/s; 3041 tgt tok/s;  13617 s elapsed
Epoch 18,   900/ 1267; acc:   0.00; ppl:  10.03; 2266 src tok/s; 2954 tgt tok/s;  13647 s elapsed
Epoch 18,   950/ 1267; acc:   0.00; ppl:  10.19; 2237 src tok/s; 2895 tgt tok/s;  13677 s elapsed
Epoch 18,  1000/ 1267; acc:   0.00; ppl:  10.54; 2361 src tok/s; 3047 tgt tok/s;  13707 s elapsed
Epoch 18,  1050/ 1267; acc:   0.00; ppl:  11.24; 2458 src tok/s; 3135 tgt tok/s;  13739 s elapsed
Epoch 18,  1100/ 1267; acc:   0.00; ppl:  11.14; 2414 src tok/s; 3011 tgt tok/s;  13770 s elapsed
Epoch 18,  1150/ 1267; acc:   0.00; ppl:  10.63; 2381 src tok/s; 3074 tgt tok/s;  13801 s elapsed
Epoch 18,  1200/ 1267; acc:   0.00; ppl:  11.10; 2445 src tok/s; 3086 tgt tok/s;  13832 s elapsed
Epoch 18,  1250/ 1267; acc:   0.00; ppl:  10.08; 2317 src tok/s; 2992 tgt tok/s;  13861 s elapsed
Train perplexity: 10.6477
Train accuracy: 0
Validation perplexity: 32.4508
Validation accuracy: 0
Decaying learning rate to 0.000488281

Epoch 19,    50/ 1267; acc:   0.00; ppl:  10.50; 2320 src tok/s; 2991 tgt tok/s;  13904 s elapsed
Epoch 19,   100/ 1267; acc:   0.00; ppl:  10.93; 2378 src tok/s; 3085 tgt tok/s;  13935 s elapsed
Epoch 19,   150/ 1267; acc:   0.00; ppl:  10.77; 2369 src tok/s; 3017 tgt tok/s;  13966 s elapsed
Epoch 19,   200/ 1267; acc:   0.00; ppl:  10.59; 2376 src tok/s; 3075 tgt tok/s;  13997 s elapsed
Epoch 19,   250/ 1267; acc:   0.00; ppl:  10.41; 2393 src tok/s; 3075 tgt tok/s;  14027 s elapsed
Epoch 19,   300/ 1267; acc:   0.00; ppl:  10.18; 2373 src tok/s; 3062 tgt tok/s;  14057 s elapsed
Epoch 19,   350/ 1267; acc:   0.00; ppl:   9.93; 2326 src tok/s; 3039 tgt tok/s;  14085 s elapsed
Epoch 19,   400/ 1267; acc:   0.00; ppl:  10.76; 2396 src tok/s; 3076 tgt tok/s;  14116 s elapsed
Epoch 19,   450/ 1267; acc:   0.00; ppl:  10.30; 2351 src tok/s; 3003 tgt tok/s;  14146 s elapsed
Epoch 19,   500/ 1267; acc:   0.00; ppl:  10.90; 2479 src tok/s; 3115 tgt tok/s;  14175 s elapsed
Epoch 19,   550/ 1267; acc:   0.00; ppl:  11.00; 2459 src tok/s; 3110 tgt tok/s;  14205 s elapsed
Epoch 19,   600/ 1267; acc:   0.00; ppl:  10.19; 2256 src tok/s; 2931 tgt tok/s;  14235 s elapsed
Epoch 19,   650/ 1267; acc:   0.00; ppl:  10.51; 2386 src tok/s; 3053 tgt tok/s;  14265 s elapsed
Epoch 19,   700/ 1267; acc:   0.00; ppl:  11.02; 2419 src tok/s; 3065 tgt tok/s;  14296 s elapsed
Epoch 19,   750/ 1267; acc:   0.00; ppl:  10.33; 2335 src tok/s; 2988 tgt tok/s;  14326 s elapsed
Epoch 19,   800/ 1267; acc:   0.00; ppl:   9.96; 2189 src tok/s; 2886 tgt tok/s;  14354 s elapsed
Epoch 19,   850/ 1267; acc:   0.00; ppl:  10.23; 2381 src tok/s; 3062 tgt tok/s;  14383 s elapsed
Epoch 19,   900/ 1267; acc:   0.00; ppl:  11.03; 2459 src tok/s; 3133 tgt tok/s;  14414 s elapsed
Epoch 19,   950/ 1267; acc:   0.00; ppl:  11.00; 2440 src tok/s; 3079 tgt tok/s;  14446 s elapsed
Epoch 19,  1000/ 1267; acc:   0.00; ppl:  11.06; 2487 src tok/s; 3134 tgt tok/s;  14478 s elapsed
Epoch 19,  1050/ 1267; acc:   0.00; ppl:  10.62; 2356 src tok/s; 2998 tgt tok/s;  14508 s elapsed
Epoch 19,  1100/ 1267; acc:   0.00; ppl:  10.32; 2244 src tok/s; 2935 tgt tok/s;  14538 s elapsed
Epoch 19,  1150/ 1267; acc:   0.00; ppl:  11.27; 2565 src tok/s; 3211 tgt tok/s;  14569 s elapsed
Epoch 19,  1200/ 1267; acc:   0.00; ppl:  10.96; 2442 src tok/s; 3042 tgt tok/s;  14600 s elapsed
Epoch 19,  1250/ 1267; acc:   0.00; ppl:  10.68; 2428 src tok/s; 3051 tgt tok/s;  14631 s elapsed
Train perplexity: 10.637
Train accuracy: 0
Validation perplexity: 32.4495
Validation accuracy: 0
Decaying learning rate to 0.000244141

Epoch 20,    50/ 1267; acc:   0.00; ppl:  11.11; 2391 src tok/s; 3052 tgt tok/s;  14674 s elapsed
Epoch 20,   100/ 1267; acc:   0.00; ppl:  10.42; 2389 src tok/s; 3089 tgt tok/s;  14704 s elapsed
Epoch 20,   150/ 1267; acc:   0.00; ppl:  10.14; 2276 src tok/s; 2963 tgt tok/s;  14734 s elapsed
Epoch 20,   200/ 1267; acc:   0.00; ppl:  10.10; 2332 src tok/s; 3022 tgt tok/s;  14764 s elapsed
Epoch 20,   250/ 1267; acc:   0.00; ppl:  11.29; 2511 src tok/s; 3110 tgt tok/s;  14795 s elapsed
Epoch 20,   300/ 1267; acc:   0.00; ppl:  10.43; 2315 src tok/s; 2982 tgt tok/s;  14826 s elapsed
Epoch 20,   350/ 1267; acc:   0.00; ppl:  11.05; 2419 src tok/s; 3002 tgt tok/s;  14857 s elapsed
Epoch 20,   400/ 1267; acc:   0.00; ppl:  10.60; 2402 src tok/s; 3080 tgt tok/s;  14887 s elapsed
Epoch 20,   450/ 1267; acc:   0.00; ppl:  10.67; 2375 src tok/s; 3070 tgt tok/s;  14917 s elapsed
Epoch 20,   500/ 1267; acc:   0.00; ppl:  11.33; 2540 src tok/s; 3190 tgt tok/s;  14949 s elapsed
Epoch 20,   550/ 1267; acc:   0.00; ppl:  10.19; 2286 src tok/s; 2963 tgt tok/s;  14979 s elapsed
Epoch 20,   600/ 1267; acc:   0.00; ppl:  10.24; 2344 src tok/s; 2988 tgt tok/s;  15009 s elapsed
Epoch 20,   650/ 1267; acc:   0.00; ppl:  11.45; 2512 src tok/s; 3122 tgt tok/s;  15041 s elapsed
Epoch 20,   700/ 1267; acc:   0.00; ppl:  10.80; 2426 src tok/s; 3090 tgt tok/s;  15072 s elapsed
Epoch 20,   750/ 1267; acc:   0.00; ppl:  11.02; 2453 src tok/s; 3093 tgt tok/s;  15104 s elapsed
Epoch 20,   800/ 1267; acc:   0.00; ppl:  10.68; 2316 src tok/s; 2939 tgt tok/s;  15135 s elapsed
Epoch 20,   850/ 1267; acc:   0.00; ppl:  10.47; 2403 src tok/s; 3117 tgt tok/s;  15165 s elapsed
Epoch 20,   900/ 1267; acc:   0.00; ppl:  10.74; 2450 src tok/s; 3103 tgt tok/s;  15195 s elapsed
Epoch 20,   950/ 1267; acc:   0.00; ppl:  10.59; 2392 src tok/s; 3080 tgt tok/s;  15226 s elapsed
Epoch 20,  1000/ 1267; acc:   0.00; ppl:  10.95; 2380 src tok/s; 3038 tgt tok/s;  15259 s elapsed
Epoch 20,  1050/ 1267; acc:   0.00; ppl:  10.59; 2381 src tok/s; 3054 tgt tok/s;  15289 s elapsed
Epoch 20,  1100/ 1267; acc:   0.00; ppl:   9.39; 2124 src tok/s; 2828 tgt tok/s;  15316 s elapsed
Epoch 20,  1150/ 1267; acc:   0.00; ppl:  10.70; 2399 src tok/s; 3063 tgt tok/s;  15346 s elapsed
Epoch 20,  1200/ 1267; acc:   0.00; ppl:  10.64; 2398 src tok/s; 3049 tgt tok/s;  15376 s elapsed
Epoch 20,  1250/ 1267; acc:   0.00; ppl:  10.28; 2358 src tok/s; 3052 tgt tok/s;  15404 s elapsed
Train perplexity: 10.6448
Train accuracy: 0
Validation perplexity: 32.4499
Validation accuracy: 0
Decaying learning rate to 0.00012207
