Building source vocabulary...
Created dictionary of size 49428 (pruned from 49428)
()
Building target vocabulary...
Created dictionary of size 43592 (pruned from 43592)
()
Preparing training ...
Processing data/train100k.zh & data/train100k.en ...
... 100000 sentences prepared
... shuffling sentences
... sorting sentences by size
Prepared 81073 sentences (18927 ignored due to length == 0 or > 50)
Preparing validation ...
Processing data/dev_06.zh & data/dev_06.en.0 ...
... shuffling sentences
... sorting sentences by size
Prepared 486 sentences (130 ignored due to length == 0 or > 50)
Saving source vocabulary to 'data/100k.src.dict'...
Saving target vocabulary to 'data/100k.tgt.dict'...
Saving data to 'data/100k.train.pt'...
